#
# A fatal error has been detected by the Java Runtime Environment:
#
#  EXCEPTION_ACCESS_VIOLATION (0xc0000005) at pc=0x6d98aaeb, pid=4664, tid=6800
#
# JRE version: 6.0_45-b06
# Java VM: Java HotSpot(TM) Client VM (20.45-b01 mixed mode windows-x86 )
# Problematic frame:
# V  [jvm.dll+0xaaaeb]
#
# If you would like to submit a bug report, please visit:
#   http://java.sun.com/webapps/bugreport/crash.jsp
#

---------------  T H R E A D  ---------------

Current thread (0x01f4d800):  JavaThread "JDWP Transport Listener: dt_socket" daemon [_thread_in_vm, id=6800, stack(0x18560000,0x185b0000)]

siginfo: ExceptionCode=0xc0000005, reading address 0x4900003b

Registers:
EAX=0x4900003b, EBX=0x00000000, ECX=0x000071ee, EDX=0x00000000
ESP=0x185afa10, EBP=0x185afa14, ESI=0x01f4d800, EDI=0x02006710
EIP=0x6d98aaeb, EFLAGS=0x00010202

Top of Stack: (sp=0x185afa10)
0x185afa10:   01f4d800 185afa3c 6da793f2 4900003b
0x185afa20:   185afac0 185afa77 01f4d800 00000000
0x185afa30:   00000000 00000000 01f4d800 185afa78
0x185afa40:   6d449770 02006710 4900003b 185afa77
0x185afa50:   4900003b 6d4342c9 4900003b 185afa77
0x185afa60:   00000005 00000000 00000000 00000009
0x185afa70:   00000000 005afa98 185afa98 6d434434
0x185afa80:   00000001 185afab4 185afc50 6d452b02 

Instructions: (pc=0x6d98aaeb)
0x6d98aacb:   4e 10 89 4f 0c 5f 5e 5d c2 0c 00 cc cc cc cc cc
0x6d98aadb:   cc cc cc cc cc 55 8b ec 8b 45 08 85 c0 56 74 25
0x6d98aaeb:   8b 30 85 f6 74 1f 81 fe fe fe fe fe 74 17 8b 46
0x6d98aafb:   04 8d 48 08 8b 01 ff 90 90 00 00 00 84 c0 74 05 


Register to memory mapping:

EAX=0x4900003b is an unknown value
EBX=0x00000000 is an unknown value
ECX=0x000071ee is an unknown value
EDX=0x00000000 is an unknown value
ESP=0x185afa10 is pointing into the stack for thread: 0x01f4d800
EBP=0x185afa14 is pointing into the stack for thread: 0x01f4d800
ESI=0x01f4d800 is a thread
EDI=0x02006710 is an unknown value


Stack: [0x18560000,0x185b0000],  sp=0x185afa10,  free space=318k
Native frames: (J=compiled Java code, j=interpreted, Vv=VM code, C=native code)
V  [jvm.dll+0xaaaeb]
V  [jvm.dll+0x1993f2]
C  [jdwp.dll+0x19770]  Agent_OnLoad+0xe6e5
C  [jdwp.dll+0x4434]
C  [jdwp.dll+0x4472]
C  [jdwp.dll+0x17d55]  Agent_OnLoad+0xccca
V  [jvm.dll+0x14217c]
C  [msvcr71.dll+0x9565]  endthreadex+0xa0
C  [KERNEL32.DLL+0x286e3]  BaseThreadInitThunk+0xe
C  [ntdll.dll+0x5be99]  RtlInitializeExceptionChain+0x85
C  [ntdll.dll+0x5be6c]  RtlInitializeExceptionChain+0x58


---------------  P R O C E S S  ---------------

Java Threads: ( => current thread )
  0x01f5cc00 JavaThread "Low Memory Detector" daemon [_thread_blocked, id=2448, stack(0x187a0000,0x187f0000)]
  0x01f59400 JavaThread "C1 CompilerThread0" daemon [_thread_blocked, id=784, stack(0x18710000,0x18760000)]
  0x01f52000 JavaThread "JDWP Command Reader" daemon [_thread_in_native, id=6460, stack(0x18680000,0x186d0000)]
  0x01f4f800 JavaThread "JDWP Event Helper Thread" daemon [_thread_blocked, id=5224, stack(0x185f0000,0x18640000)]
=>0x01f4d800 JavaThread "JDWP Transport Listener: dt_socket" daemon [_thread_in_vm, id=6800, stack(0x18560000,0x185b0000)]
  0x01f2f400 JavaThread "Attach Listener" daemon [_thread_blocked, id=5344, stack(0x183f0000,0x18440000)]
  0x01f2dc00 JavaThread "Signal Dispatcher" daemon [_thread_blocked, id=4812, stack(0x18360000,0x183b0000)]
  0x01f1c000 JavaThread "Finalizer" daemon [_thread_blocked, id=1700, stack(0x182d0000,0x18320000)]
  0x01f1ac00 JavaThread "Reference Handler" daemon [_thread_blocked, id=84, stack(0x18240000,0x18290000)]
  0x02009800 JavaThread "main" [_thread_blocked, id=5072, stack(0x01e30000,0x01e80000)]

Other Threads:
  0x01f16800 VMThread [stack: 0x181b0000,0x18200000] [id=4928]
  0x01f66000 WatcherThread [stack: 0x18830000,0x18880000] [id=3004]

VM state:not at safepoint (normal execution)

VM Mutex/Monitor currently owned by a thread: None

Heap
 def new generation   total 4928K, used 402K [0x04090000, 0x045e0000, 0x095e0000)
  eden space 4416K,   9% used [0x04090000, 0x040f49e8, 0x044e0000)
  from space 512K,   0% used [0x044e0000, 0x044e0000, 0x04560000)
  to   space 512K,   0% used [0x04560000, 0x04560000, 0x045e0000)
 tenured generation   total 10944K, used 0K [0x095e0000, 0x0a090000, 0x14090000)
   the space 10944K,   0% used [0x095e0000, 0x095e0000, 0x095e0200, 0x0a090000)
 compacting perm gen  total 12288K, used 2209K [0x14090000, 0x14c90000, 0x18090000)
   the space 12288K,  17% used [0x14090000, 0x142b84c8, 0x142b8600, 0x14c90000)
No shared spaces configured.

Code Cache  [0x02010000, 0x02088000, 0x04010000)
 total_blobs=121 nmethods=5 adapters=61 free_code_cache=33087488 largest_free_block=0

Dynamic libraries:
0x00400000 - 0x00425000 	C:\eGovFrame-3.1\bin\jdk1.6.0_45\bin\javaw.exe
0x77d30000 - 0x77e87000 	C:\Windows\SYSTEM32\ntdll.dll
0x77a40000 - 0x77b70000 	C:\Windows\SYSTEM32\KERNEL32.DLL
0x76f90000 - 0x77037000 	C:\Windows\SYSTEM32\KERNELBASE.dll
0x77250000 - 0x772fe000 	C:\Windows\SYSTEM32\ADVAPI32.dll
0x770a0000 - 0x771b6000 	C:\Windows\SYSTEM32\USER32.dll
0x77b70000 - 0x77c21000 	C:\Windows\SYSTEM32\msvcrt.dll
0x75590000 - 0x755c4000 	C:\Windows\SYSTEM32\sechost.dll
0x77410000 - 0x774bc000 	C:\Windows\SYSTEM32\RPCRT4.dll
0x76d20000 - 0x76e1d000 	C:\Windows\SYSTEM32\GDI32.dll
0x75320000 - 0x7533d000 	C:\Windows\SYSTEM32\SspiCli.dll
0x75310000 - 0x75319000 	C:\Windows\SYSTEM32\CRYPTBASE.dll
0x752b0000 - 0x75301000 	C:\Windows\SYSTEM32\bcryptPrimitives.dll
0x755d0000 - 0x755f0000 	C:\Windows\system32\IMM32.DLL
0x75360000 - 0x7543e000 	C:\Windows\SYSTEM32\MSCTF.dll
0x7c340000 - 0x7c396000 	C:\eGovFrame-3.1\bin\jdk1.6.0_45\jre\bin\msvcr71.dll
0x6d8e0000 - 0x6db90000 	C:\eGovFrame-3.1\bin\jdk1.6.0_45\jre\bin\client\jvm.dll
0x75190000 - 0x751b1000 	C:\Windows\SYSTEM32\WINMM.dll
0x75070000 - 0x7509b000 	C:\Windows\SYSTEM32\WINMMBASE.dll
0x77330000 - 0x77376000 	C:\Windows\SYSTEM32\cfgmgr32.dll
0x775e0000 - 0x775fe000 	C:\Windows\SYSTEM32\DEVOBJ.dll
0x727a0000 - 0x72847000 	C:\Windows\system32\apphelp.dll
0x6d890000 - 0x6d89c000 	C:\eGovFrame-3.1\bin\jdk1.6.0_45\jre\bin\verify.dll
0x6d3e0000 - 0x6d3ff000 	C:\eGovFrame-3.1\bin\jdk1.6.0_45\jre\bin\java.dll
0x6d430000 - 0x6d459000 	C:\eGovFrame-3.1\bin\jdk1.6.0_45\jre\bin\jdwp.dll
0x6d750000 - 0x6d756000 	C:\eGovFrame-3.1\bin\jdk1.6.0_45\jre\bin\npt.dll
0x6d8d0000 - 0x6d8df000 	C:\eGovFrame-3.1\bin\jdk1.6.0_45\jre\bin\zip.dll
0x6d2b0000 - 0x6d2b7000 	C:\eGovFrame-3.1\bin\jdk1.6.0_45\jre\bin\dt_socket.dll
0x77970000 - 0x779c0000 	C:\Windows\SYSTEM32\WS2_32.dll
0x754f0000 - 0x754f8000 	C:\Windows\SYSTEM32\NSI.dll
0x70820000 - 0x70830000 	C:\Windows\system32\napinsp.dll
0x70800000 - 0x70814000 	C:\Windows\system32\pnrpnsp.dll
0x706a0000 - 0x706b0000 	C:\Windows\system32\NLAapi.dll
0x73250000 - 0x7329a000 	C:\Windows\System32\mswsock.dll
0x72010000 - 0x72084000 	C:\Windows\SYSTEM32\DNSAPI.dll
0x70690000 - 0x70699000 	C:\Windows\System32\winrnr.dll
0x70680000 - 0x70690000 	C:\Windows\system32\wshbth.dll
0x705f0000 - 0x70611000 	C:\Program Files (x86)\Bonjour\mdnsNSP.dll
0x72f20000 - 0x72f40000 	C:\Windows\SYSTEM32\Iphlpapi.DLL
0x72d80000 - 0x72d88000 	C:\Windows\SYSTEM32\WINNSI.DLL
0x72610000 - 0x7264f000 	C:\Windows\System32\fwpuclnt.dll
0x705e0000 - 0x705e7000 	C:\Windows\System32\rasadhlp.dll
0x77300000 - 0x77306000 	C:\Windows\system32\PSAPI.DLL

VM Arguments:
jvm_args: -agentlib:jdwp=transport=dt_socket,suspend=y,address=localhost:49435 -Dfile.encoding=MS949 
java_command: TestSort
Launcher Type: SUN_STANDARD

Environment Variables:
JAVA_HOME=C:\Program Files\Java\jdk1.8.0_20
CLASSPATH=.;C:\Program Files\Java\jdk1.8.0_20\lib\tools.jar
PATH=C:\eGovFrame-3.1\bin\jdk1.6.0_45\jre\bin;C:/Program Files/Java/jre1.8.0_20/bin/server;C:/Program Files/Java/jre1.8.0_20/bin;C:/Program Files/Java/jre1.8.0_20/lib/amd64;C:\ProgramData\Oracle\Java\javapath;C:\Program Files (x86)\Arduino\hardware\tools\avr\bin;C:\apache-ant-1.9.4\bin;C:\Program Files (x86)\NVIDIA Corporation\PhysX\Common;C:\Program Files\CollabNet\Subversion Client;C:\csvn\bin\;C:\csvn\Python25\;D:\oracle\Chris\product\11.2.0\dbhome_1\bin;C:\Program Files (x86)\Intel\iCLS Client\;C:\Program Files\Intel\iCLS Client\;C:\Windows\system32;C:\Windows;C:\Windows\System32\Wbem;C:\Windows\System32\WindowsPowerShell\v1.0\;C:\Program Files\Intel\Intel(R) Management Engine Components\DAL;C:\Program Files\Intel\Intel(R) Management Engine Components\IPT;C:\Program Files (x86)\Intel\Intel(R) Management Engine Components\DAL;C:\Program Files (x86)\Intel\Intel(R) Management Engine Components\IPT;C:\Program Files (x86)\Intel\OpenCL SDK\3.0\bin\x86;C:\Program Files (x86)\Intel\OpenCL SDK\3.0\bin\x64;C:\Program Files (x86)\MySQL\MySQL Utilities 1.3.4\;c:\java\apache-maven-3.1.1\bin;C:\Program Files\Java\jdk1.8.0_20\bin;C:\Program Files (x86)\Git\cmd;C:\Program Files (x86)\Git\bin;C:\jboss-eap-6.2\bin;C:\Program Files\nodejs\;C:\Program Files\VisualSVN Server\bin;C:\Program Files\TortoiseSVN\bin;C:\Users\Chris\AppData\Local\Bandizip\7z;C:\Users\Chris\AppData\Roaming\npm;D:\DeveloperTools\Eclipse-kepler;
USERNAME=Chris
OS=Windows_NT
PROCESSOR_IDENTIFIER=Intel64 Family 6 Model 69 Stepping 1, GenuineIntel



---------------  S Y S T E M  ---------------

OS: Windows 8 , 64 bit Build 9200 

CPU:total 4 (2 cores per cpu, 2 threads per core) family 6 model 69 stepping 1, cmov, cx8, fxsr, mmx, sse, sse2, sse3, ssse3, sse4.1, sse4.2, popcnt, ht

Memory: 4k page, physical 8303212k(5588208k free), swap 16691820k(9225984k free)

vm_info: Java HotSpot(TM) Client VM (20.45-b01) for windows-x86 JRE (1.6.0_45-b06), built on Mar 26 2013 13:40:03 by "java_re" with MS VC++ 7.1 (VS2003)

time: Fri Oct 24 15:17:32 2014
elapsed time: 1083 seconds

